<?xml version='1.0' encoding='UTF-8'?>
<testsuite hostname="Pengjus-MBP" name="dynamictests" tests="3" errors="0" failures="3" skipped="0" time="0.028" timestamp="2021-09-21T19:02:44">
          <properties>
[...]
</properties>
          <testcase classname="dynamictests" name="EX01 - useGreet" time="0.02">
                      <failure type="java.lang.UnsupportedOperationException">java.lang.UnsupportedOperationException
	at dynamic$.useGreet(dynamic.scala:49)
	at dynamictests.testFun$proxy1$1$$anonfun$1$$anonfun$1(dynamictests.scala:19)
	at scala.collection.immutable.List.foreach(List.scala:333)
	at dynamictests.testFun$proxy1$2$$anonfun$2(dynamictests.scala:20)
	at scala.runtime.function.JProcedure1.apply(JProcedure1.java:15)
	at scala.runtime.function.JProcedure1.apply(JProcedure1.java:10)
	at scala.collection.immutable.List.foreach(List.scala:333)
	at dynamictests.testFun$proxy1$3(dynamictests.scala:20)
	at dynamictests.$init$$$anonfun$1(dynamictests.scala:13)
	at scala.runtime.java8.JFunction0$mcV$sp.apply(JFunction0$mcV$sp.scala:18)
	at org.scalatest.propspec.AnyPropSpecLike.propertyImpl$$anonfun$1(AnyPropSpecLike.scala:123)
	at org.scalatest.Transformer.apply$$anonfun$1(Transformer.scala:22)
	at org.scalatest.OutcomeOf.outcomeOf(OutcomeOf.scala:85)
	at org.scalatest.OutcomeOf.outcomeOf$(OutcomeOf.scala:31)
	at org.scalatest.OutcomeOf$.outcomeOf(OutcomeOf.scala:104)
	at org.scalatest.Transformer.apply(Transformer.scala:22)
	at org.scalatest.Transformer.apply(Transformer.scala:21)
	at org.scalatest.propspec.AnyPropSpecLike$$anon$1.apply(AnyPropSpecLike.scala:204)
	at org.scalatest.TestSuite.withFixture(TestSuite.scala:196)
	at org.scalatest.TestSuite.withFixture$(TestSuite.scala:138)
	at UnitSpec.org$scalatest$concurrent$TimeLimitedTests$$super$withFixture(UnitSpec.scala:6)
	at org.scalatest.concurrent.TimeLimitedTests.withFixture$$anonfun$3(TimeLimitedTests.scala:154)
	at org.scalatest.enablers.Timed$$anon$1.timeoutAfter(Timed.scala:127)
	at org.scalatest.concurrent.TimeLimits$.failAfterImpl(TimeLimits.scala:282)
	at org.scalatest.concurrent.TimeLimitedTests.withFixture(TimeLimitedTests.scala:155)
	at org.scalatest.concurrent.TimeLimitedTests.withFixture$(TimeLimitedTests.scala:142)
	at UnitSpec.withFixture(UnitSpec.scala:6)
	at org.scalatest.propspec.AnyPropSpecLike.invokeWithFixture$1(AnyPropSpecLike.scala:210)
	at org.scalatest.propspec.AnyPropSpecLike.runTest$$anonfun$1(AnyPropSpecLike.scala:214)
	at org.scalatest.SuperEngine.runTestImpl(Engine.scala:306)
	at org.scalatest.propspec.AnyPropSpecLike.runTest(AnyPropSpecLike.scala:214)
	at org.scalatest.propspec.AnyPropSpecLike.runTest$(AnyPropSpecLike.scala:45)
	at org.scalatest.propspec.AnyPropSpec.runTest(AnyPropSpec.scala:875)
	at org.scalatest.propspec.AnyPropSpecLike.runTests$$anonfun$1(AnyPropSpecLike.scala:247)
	at org.scalatest.SuperEngine.traverseSubNodes$2$$anonfun$1(Engine.scala:413)
	at scala.runtime.function.JProcedure1.apply(JProcedure1.java:15)
	at scala.runtime.function.JProcedure1.apply(JProcedure1.java:10)
	at scala.collection.immutable.List.foreach(List.scala:333)
	at org.scalatest.SuperEngine.traverseSubNodes$1(Engine.scala:429)
	at org.scalatest.SuperEngine.runTestsInBranch(Engine.scala:396)
	at org.scalatest.SuperEngine.runTestsImpl(Engine.scala:475)
	at org.scalatest.propspec.AnyPropSpecLike.runTests(AnyPropSpecLike.scala:247)
	at org.scalatest.propspec.AnyPropSpecLike.runTests$(AnyPropSpecLike.scala:45)
	at org.scalatest.propspec.AnyPropSpec.runTests(AnyPropSpec.scala:875)
	at org.scalatest.Suite.run(Suite.scala:1112)
	at org.scalatest.Suite.run$(Suite.scala:563)
	at org.scalatest.propspec.AnyPropSpec.org$scalatest$propspec$AnyPropSpecLike$$super$run(AnyPropSpec.scala:875)
	at org.scalatest.propspec.AnyPropSpecLike.run$$anonfun$1(AnyPropSpecLike.scala:251)
	at org.scalatest.SuperEngine.runImpl(Engine.scala:535)
	at org.scalatest.propspec.AnyPropSpecLike.run(AnyPropSpecLike.scala:251)
	at org.scalatest.propspec.AnyPropSpecLike.run$(AnyPropSpecLike.scala:45)
	at org.scalatest.propspec.AnyPropSpec.run(AnyPropSpec.scala:875)
	at org.scalatest.tools.Framework.org$scalatest$tools$Framework$$runSuite(Framework.scala:318)
	at org.scalatest.tools.Framework$ScalaTestTask.execute(Framework.scala:513)
	at sbt.TestRunner.runTest$1(TestFramework.scala:140)
	at sbt.TestRunner.run(TestFramework.scala:155)
	at sbt.TestFramework$$anon$3$$anonfun$$lessinit$greater$1.$anonfun$apply$1(TestFramework.scala:318)
	at sbt.TestFramework$.sbt$TestFramework$$withContextLoader(TestFramework.scala:278)
	at sbt.TestFramework$$anon$3$$anonfun$$lessinit$greater$1.apply(TestFramework.scala:318)
	at sbt.TestFramework$$anon$3$$anonfun$$lessinit$greater$1.apply(TestFramework.scala:318)
	at sbt.TestFunction.apply(TestFramework.scala:330)
	at sbt.Tests$.$anonfun$toTask$1(Tests.scala:435)
	at sbt.std.Transform$$anon$3.$anonfun$apply$2(Transform.scala:46)
	at sbt.std.Transform$$anon$4.work(Transform.scala:68)
	at sbt.Execute.$anonfun$submit$2(Execute.scala:282)
	at sbt.internal.util.ErrorHandling$.wideConvert(ErrorHandling.scala:23)
	at sbt.Execute.work(Execute.scala:291)
	at sbt.Execute.$anonfun$submit$1(Execute.scala:282)
	at sbt.ConcurrentRestrictions$$anon$4.$anonfun$submitValid$1(ConcurrentRestrictions.scala:265)
	at sbt.CompletionService$$anon$2.call(CompletionService.scala:64)
	at java.base/java.util.concurrent.FutureTask.run(FutureTask.java:264)
	at java.base/java.util.concurrent.Executors$RunnableAdapter.call(Executors.java:515)
	at java.base/java.util.concurrent.FutureTask.run(FutureTask.java:264)
	at java.base/java.util.concurrent.ThreadPoolExecutor.runWorker(ThreadPoolExecutor.java:1130)
	at java.base/java.util.concurrent.ThreadPoolExecutor$Worker.run(ThreadPoolExecutor.java:630)
	at java.base/java.lang.Thread.run(Thread.java:831)
</failure>
                    </testcase><testcase classname="dynamictests" name="EX02 - newEnglish" time="0.008">
                      <failure type="java.lang.UnsupportedOperationException">java.lang.UnsupportedOperationException
	at dynamic$.newEnglish(dynamic.scala:62)
	at dynamictests.testFun$proxy2$2(dynamictests.scala:24)
	at dynamictests.$init$$$anonfun$2(dynamictests.scala:23)
	at scala.runtime.java8.JFunction0$mcV$sp.apply(JFunction0$mcV$sp.scala:18)
	at org.scalatest.propspec.AnyPropSpecLike.propertyImpl$$anonfun$1(AnyPropSpecLike.scala:123)
	at org.scalatest.Transformer.apply$$anonfun$1(Transformer.scala:22)
	at org.scalatest.OutcomeOf.outcomeOf(OutcomeOf.scala:85)
	at org.scalatest.OutcomeOf.outcomeOf$(OutcomeOf.scala:31)
	at org.scalatest.OutcomeOf$.outcomeOf(OutcomeOf.scala:104)
	at org.scalatest.Transformer.apply(Transformer.scala:22)
	at org.scalatest.Transformer.apply(Transformer.scala:21)
	at org.scalatest.propspec.AnyPropSpecLike$$anon$1.apply(AnyPropSpecLike.scala:204)
	at org.scalatest.TestSuite.withFixture(TestSuite.scala:196)
	at org.scalatest.TestSuite.withFixture$(TestSuite.scala:138)
	at UnitSpec.org$scalatest$concurrent$TimeLimitedTests$$super$withFixture(UnitSpec.scala:6)
	at org.scalatest.concurrent.TimeLimitedTests.withFixture$$anonfun$3(TimeLimitedTests.scala:154)
	at org.scalatest.enablers.Timed$$anon$1.timeoutAfter(Timed.scala:127)
	at org.scalatest.concurrent.TimeLimits$.failAfterImpl(TimeLimits.scala:282)
	at org.scalatest.concurrent.TimeLimitedTests.withFixture(TimeLimitedTests.scala:155)
	at org.scalatest.concurrent.TimeLimitedTests.withFixture$(TimeLimitedTests.scala:142)
	at UnitSpec.withFixture(UnitSpec.scala:6)
	at org.scalatest.propspec.AnyPropSpecLike.invokeWithFixture$1(AnyPropSpecLike.scala:210)
	at org.scalatest.propspec.AnyPropSpecLike.runTest$$anonfun$1(AnyPropSpecLike.scala:214)
	at org.scalatest.SuperEngine.runTestImpl(Engine.scala:306)
	at org.scalatest.propspec.AnyPropSpecLike.runTest(AnyPropSpecLike.scala:214)
	at org.scalatest.propspec.AnyPropSpecLike.runTest$(AnyPropSpecLike.scala:45)
	at org.scalatest.propspec.AnyPropSpec.runTest(AnyPropSpec.scala:875)
	at org.scalatest.propspec.AnyPropSpecLike.runTests$$anonfun$1(AnyPropSpecLike.scala:247)
	at org.scalatest.SuperEngine.traverseSubNodes$2$$anonfun$1(Engine.scala:413)
	at scala.runtime.function.JProcedure1.apply(JProcedure1.java:15)
	at scala.runtime.function.JProcedure1.apply(JProcedure1.java:10)
	at scala.collection.immutable.List.foreach(List.scala:333)
	at org.scalatest.SuperEngine.traverseSubNodes$1(Engine.scala:429)
	at org.scalatest.SuperEngine.runTestsInBranch(Engine.scala:396)
	at org.scalatest.SuperEngine.runTestsImpl(Engine.scala:475)
	at org.scalatest.propspec.AnyPropSpecLike.runTests(AnyPropSpecLike.scala:247)
	at org.scalatest.propspec.AnyPropSpecLike.runTests$(AnyPropSpecLike.scala:45)
	at org.scalatest.propspec.AnyPropSpec.runTests(AnyPropSpec.scala:875)
	at org.scalatest.Suite.run(Suite.scala:1112)
	at org.scalatest.Suite.run$(Suite.scala:563)
	at org.scalatest.propspec.AnyPropSpec.org$scalatest$propspec$AnyPropSpecLike$$super$run(AnyPropSpec.scala:875)
	at org.scalatest.propspec.AnyPropSpecLike.run$$anonfun$1(AnyPropSpecLike.scala:251)
	at org.scalatest.SuperEngine.runImpl(Engine.scala:535)
	at org.scalatest.propspec.AnyPropSpecLike.run(AnyPropSpecLike.scala:251)
	at org.scalatest.propspec.AnyPropSpecLike.run$(AnyPropSpecLike.scala:45)
	at org.scalatest.propspec.AnyPropSpec.run(AnyPropSpec.scala:875)
	at org.scalatest.tools.Framework.org$scalatest$tools$Framework$$runSuite(Framework.scala:318)
	at org.scalatest.tools.Framework$ScalaTestTask.execute(Framework.scala:513)
	at sbt.TestRunner.runTest$1(TestFramework.scala:140)
	at sbt.TestRunner.run(TestFramework.scala:155)
	at sbt.TestFramework$$anon$3$$anonfun$$lessinit$greater$1.$anonfun$apply$1(TestFramework.scala:318)
	at sbt.TestFramework$.sbt$TestFramework$$withContextLoader(TestFramework.scala:278)
	at sbt.TestFramework$$anon$3$$anonfun$$lessinit$greater$1.apply(TestFramework.scala:318)
	at sbt.TestFramework$$anon$3$$anonfun$$lessinit$greater$1.apply(TestFramework.scala:318)
	at sbt.TestFunction.apply(TestFramework.scala:330)
	at sbt.Tests$.$anonfun$toTask$1(Tests.scala:435)
	at sbt.std.Transform$$anon$3.$anonfun$apply$2(Transform.scala:46)
	at sbt.std.Transform$$anon$4.work(Transform.scala:68)
	at sbt.Execute.$anonfun$submit$2(Execute.scala:282)
	at sbt.internal.util.ErrorHandling$.wideConvert(ErrorHandling.scala:23)
	at sbt.Execute.work(Execute.scala:291)
	at sbt.Execute.$anonfun$submit$1(Execute.scala:282)
	at sbt.ConcurrentRestrictions$$anon$4.$anonfun$submitValid$1(ConcurrentRestrictions.scala:265)
	at sbt.CompletionService$$anon$2.call(CompletionService.scala:64)
	at java.base/java.util.concurrent.FutureTask.run(FutureTask.java:264)
	at java.base/java.util.concurrent.Executors$RunnableAdapter.call(Executors.java:515)
	at java.base/java.util.concurrent.FutureTask.run(FutureTask.java:264)
	at java.base/java.util.concurrent.ThreadPoolExecutor.runWorker(ThreadPoolExecutor.java:1130)
	at java.base/java.util.concurrent.ThreadPoolExecutor$Worker.run(ThreadPoolExecutor.java:630)
	at java.base/java.lang.Thread.run(Thread.java:831)
</failure>
                    </testcase><testcase classname="dynamictests" name="EX03 - newFrench" time="0.0">
                      <failure type="java.lang.UnsupportedOperationException">java.lang.UnsupportedOperationException
	at dynamic$.newFrench(dynamic.scala:75)
	at dynamictests.testFun$proxy3$2(dynamictests.scala:30)
	at dynamictests.$init$$$anonfun$3(dynamictests.scala:29)
	at scala.runtime.java8.JFunction0$mcV$sp.apply(JFunction0$mcV$sp.scala:18)
	at org.scalatest.propspec.AnyPropSpecLike.propertyImpl$$anonfun$1(AnyPropSpecLike.scala:123)
	at org.scalatest.Transformer.apply$$anonfun$1(Transformer.scala:22)
	at org.scalatest.OutcomeOf.outcomeOf(OutcomeOf.scala:85)
	at org.scalatest.OutcomeOf.outcomeOf$(OutcomeOf.scala:31)
	at org.scalatest.OutcomeOf$.outcomeOf(OutcomeOf.scala:104)
	at org.scalatest.Transformer.apply(Transformer.scala:22)
	at org.scalatest.Transformer.apply(Transformer.scala:21)
	at org.scalatest.propspec.AnyPropSpecLike$$anon$1.apply(AnyPropSpecLike.scala:204)
	at org.scalatest.TestSuite.withFixture(TestSuite.scala:196)
	at org.scalatest.TestSuite.withFixture$(TestSuite.scala:138)
	at UnitSpec.org$scalatest$concurrent$TimeLimitedTests$$super$withFixture(UnitSpec.scala:6)
	at org.scalatest.concurrent.TimeLimitedTests.withFixture$$anonfun$3(TimeLimitedTests.scala:154)
	at org.scalatest.enablers.Timed$$anon$1.timeoutAfter(Timed.scala:127)
	at org.scalatest.concurrent.TimeLimits$.failAfterImpl(TimeLimits.scala:282)
	at org.scalatest.concurrent.TimeLimitedTests.withFixture(TimeLimitedTests.scala:155)
	at org.scalatest.concurrent.TimeLimitedTests.withFixture$(TimeLimitedTests.scala:142)
	at UnitSpec.withFixture(UnitSpec.scala:6)
	at org.scalatest.propspec.AnyPropSpecLike.invokeWithFixture$1(AnyPropSpecLike.scala:210)
	at org.scalatest.propspec.AnyPropSpecLike.runTest$$anonfun$1(AnyPropSpecLike.scala:214)
	at org.scalatest.SuperEngine.runTestImpl(Engine.scala:306)
	at org.scalatest.propspec.AnyPropSpecLike.runTest(AnyPropSpecLike.scala:214)
	at org.scalatest.propspec.AnyPropSpecLike.runTest$(AnyPropSpecLike.scala:45)
	at org.scalatest.propspec.AnyPropSpec.runTest(AnyPropSpec.scala:875)
	at org.scalatest.propspec.AnyPropSpecLike.runTests$$anonfun$1(AnyPropSpecLike.scala:247)
	at org.scalatest.SuperEngine.traverseSubNodes$2$$anonfun$1(Engine.scala:413)
	at scala.runtime.function.JProcedure1.apply(JProcedure1.java:15)
	at scala.runtime.function.JProcedure1.apply(JProcedure1.java:10)
	at scala.collection.immutable.List.foreach(List.scala:333)
	at org.scalatest.SuperEngine.traverseSubNodes$1(Engine.scala:429)
	at org.scalatest.SuperEngine.runTestsInBranch(Engine.scala:396)
	at org.scalatest.SuperEngine.runTestsImpl(Engine.scala:475)
	at org.scalatest.propspec.AnyPropSpecLike.runTests(AnyPropSpecLike.scala:247)
	at org.scalatest.propspec.AnyPropSpecLike.runTests$(AnyPropSpecLike.scala:45)
	at org.scalatest.propspec.AnyPropSpec.runTests(AnyPropSpec.scala:875)
	at org.scalatest.Suite.run(Suite.scala:1112)
	at org.scalatest.Suite.run$(Suite.scala:563)
	at org.scalatest.propspec.AnyPropSpec.org$scalatest$propspec$AnyPropSpecLike$$super$run(AnyPropSpec.scala:875)
	at org.scalatest.propspec.AnyPropSpecLike.run$$anonfun$1(AnyPropSpecLike.scala:251)
	at org.scalatest.SuperEngine.runImpl(Engine.scala:535)
	at org.scalatest.propspec.AnyPropSpecLike.run(AnyPropSpecLike.scala:251)
	at org.scalatest.propspec.AnyPropSpecLike.run$(AnyPropSpecLike.scala:45)
	at org.scalatest.propspec.AnyPropSpec.run(AnyPropSpec.scala:875)
	at org.scalatest.tools.Framework.org$scalatest$tools$Framework$$runSuite(Framework.scala:318)
	at org.scalatest.tools.Framework$ScalaTestTask.execute(Framework.scala:513)
	at sbt.TestRunner.runTest$1(TestFramework.scala:140)
	at sbt.TestRunner.run(TestFramework.scala:155)
	at sbt.TestFramework$$anon$3$$anonfun$$lessinit$greater$1.$anonfun$apply$1(TestFramework.scala:318)
	at sbt.TestFramework$.sbt$TestFramework$$withContextLoader(TestFramework.scala:278)
	at sbt.TestFramework$$anon$3$$anonfun$$lessinit$greater$1.apply(TestFramework.scala:318)
	at sbt.TestFramework$$anon$3$$anonfun$$lessinit$greater$1.apply(TestFramework.scala:318)
	at sbt.TestFunction.apply(TestFramework.scala:330)
	at sbt.Tests$.$anonfun$toTask$1(Tests.scala:435)
	at sbt.std.Transform$$anon$3.$anonfun$apply$2(Transform.scala:46)
	at sbt.std.Transform$$anon$4.work(Transform.scala:68)
	at sbt.Execute.$anonfun$submit$2(Execute.scala:282)
	at sbt.internal.util.ErrorHandling$.wideConvert(ErrorHandling.scala:23)
	at sbt.Execute.work(Execute.scala:291)
	at sbt.Execute.$anonfun$submit$1(Execute.scala:282)
	at sbt.ConcurrentRestrictions$$anon$4.$anonfun$submitValid$1(ConcurrentRestrictions.scala:265)
	at sbt.CompletionService$$anon$2.call(CompletionService.scala:64)
	at java.base/java.util.concurrent.FutureTask.run(FutureTask.java:264)
	at java.base/java.util.concurrent.Executors$RunnableAdapter.call(Executors.java:515)
	at java.base/java.util.concurrent.FutureTask.run(FutureTask.java:264)
	at java.base/java.util.concurrent.ThreadPoolExecutor.runWorker(ThreadPoolExecutor.java:1130)
	at java.base/java.util.concurrent.ThreadPoolExecutor$Worker.run(ThreadPoolExecutor.java:630)
	at java.base/java.lang.Thread.run(Thread.java:831)
</failure>
                    </testcase>
          <system-out><![CDATA[]]></system-out>
          <system-err><![CDATA[]]></system-err>
        </testsuite>