<?xml version='1.0' encoding='UTF-8'?>
<testsuite hostname="Pengjus-MBP" name="fp2tests" tests="10" errors="0" failures="0" skipped="0" time="0.032" timestamp="2021-10-06T10:48:23">
          <properties>
[...]
</properties>
          <testcase classname="fp2tests" name="EX01 - map" time="0.024">
                      
                    </testcase><testcase classname="fp2tests" name="EX02 - filter" time="0.001">
                      
                    </testcase><testcase classname="fp2tests" name="EX03 - append" time="0.001">
                      
                    </testcase><testcase classname="fp2tests" name="EX04 - flatten" time="0.0">
                      
                    </testcase><testcase classname="fp2tests" name="EX05 - foldLeft" time="0.001">
                      
                    </testcase><testcase classname="fp2tests" name="EX06 - foldRight" time="0.001">
                      
                    </testcase><testcase classname="fp2tests" name="EX07 - joinTerminateRight" time="0.001">
                      
                    </testcase><testcase classname="fp2tests" name="EX08 - joinTerminateLeft" time="0.001">
                      
                    </testcase><testcase classname="fp2tests" name="EX09 - firstNumGreaterThan" time="0.001">
                      
                    </testcase><testcase classname="fp2tests" name="EX10 - firstIndexNumGreaterThan" time="0.001">
                      
                    </testcase>
          <system-out><![CDATA[]]></system-out>
          <system-err><![CDATA[]]></system-err>
        </testsuite>